<?xml version="1.0" encoding="UTF-8"?>
<!-- Generated by org.testng.reporters.JUnitXMLReporter -->
<testsuite hostname="Softtech-PC" ignored="0" name="Test Maven Testing" tests="12" failures="0" timestamp="15 Mar 2020 14:48:19 GMT" time="0.22" errors="0">
  <testcase name="div" time="0.103" classname="com.qa.test.DemoTest"/>
  <testcase name="mul" time="0.001" classname="com.qa.test.DemoTest"/>
  <testcase name="sub" time="0.001" classname="com.qa.test.DemoTest"/>
  <testcase name="sum" time="0.001" classname="com.qa.test.DemoTest"/>
  <testcase name="div" time="0.001" classname="com.qa.test.DemoTest1"/>
  <testcase name="mul" time="0.024" classname="com.qa.test.DemoTest1"/>
  <testcase name="sub" time="0.001" classname="com.qa.test.DemoTest1"/>
  <testcase name="sum" time="0.0" classname="com.qa.test.DemoTest1"/>
  <testcase name="div" time="0.0" classname="com.qa.test.DemoTest2"/>
  <testcase name="mul" time="0.001" classname="com.qa.test.DemoTest2"/>
  <testcase name="sub" time="0.0" classname="com.qa.test.DemoTest2"/>
  <testcase name="sum" time="0.001" classname="com.qa.test.DemoTest2"/>
</testsuite> <!-- Test Maven Testing -->
