<?xml version="1.0" encoding="UTF-8"?>
<!-- Generated by org.testng.reporters.JUnitXMLReporter -->
<testsuite hostname="Softtech-PC" ignored="0" name="Default test" tests="4" failures="0" timestamp="15 Mar 2020 13:14:08 GMT" time="0.227" errors="0">
  <testcase name="div" time="0.056" classname="com.qa.test.DemoTest"/>
  <testcase name="mul" time="0.005" classname="com.qa.test.DemoTest"/>
  <testcase name="sub" time="0.004" classname="com.qa.test.DemoTest"/>
  <testcase name="sum" time="0.004" classname="com.qa.test.DemoTest"/>
</testsuite> <!-- Default test -->
