<?xml version="1.0" encoding="UTF-8"?>
<testng-results skipped="0" failed="0" ignored="0" total="12" passed="12">
  <reporter-output>
  </reporter-output>
  <suite name="Test Maven Suite" duration-ms="220" started-at="2020-03-15T14:48:19Z" finished-at="2020-03-15T14:48:19Z">
    <groups>
    </groups>
    <test name="Test Maven Testing" duration-ms="220" started-at="2020-03-15T14:48:19Z" finished-at="2020-03-15T14:48:19Z">
      <class name="com.qa.test.DemoTest">
        <test-method status="PASS" signature="div()[pri:0, instance:com.qa.test.DemoTest@7fad8c79]" name="div" duration-ms="103" started-at="2020-03-15T20:18:19Z" finished-at="2020-03-15T20:18:19Z">
          <reporter-output>
          </reporter-output>
        </test-method> <!-- div -->
        <test-method status="PASS" signature="mul()[pri:0, instance:com.qa.test.DemoTest@7fad8c79]" name="mul" duration-ms="1" started-at="2020-03-15T20:18:19Z" finished-at="2020-03-15T20:18:19Z">
          <reporter-output>
          </reporter-output>
        </test-method> <!-- mul -->
        <test-method status="PASS" signature="sub()[pri:0, instance:com.qa.test.DemoTest@7fad8c79]" name="sub" duration-ms="1" started-at="2020-03-15T20:18:19Z" finished-at="2020-03-15T20:18:19Z">
          <reporter-output>
          </reporter-output>
        </test-method> <!-- sub -->
        <test-method status="PASS" signature="sum()[pri:0, instance:com.qa.test.DemoTest@7fad8c79]" name="sum" duration-ms="1" started-at="2020-03-15T20:18:19Z" finished-at="2020-03-15T20:18:19Z">
          <reporter-output>
          </reporter-output>
        </test-method> <!-- sum -->
      </class> <!-- com.qa.test.DemoTest -->
      <class name="com.qa.test.DemoTest1">
        <test-method status="PASS" signature="div()[pri:0, instance:com.qa.test.DemoTest1@5e25a92e]" name="div" duration-ms="1" started-at="2020-03-15T20:18:19Z" finished-at="2020-03-15T20:18:19Z">
          <reporter-output>
          </reporter-output>
        </test-method> <!-- div -->
        <test-method status="PASS" signature="mul()[pri:0, instance:com.qa.test.DemoTest1@5e25a92e]" name="mul" duration-ms="24" started-at="2020-03-15T20:18:19Z" finished-at="2020-03-15T20:18:19Z">
          <reporter-output>
          </reporter-output>
        </test-method> <!-- mul -->
        <test-method status="PASS" signature="sub()[pri:0, instance:com.qa.test.DemoTest1@5e25a92e]" name="sub" duration-ms="1" started-at="2020-03-15T20:18:19Z" finished-at="2020-03-15T20:18:19Z">
          <reporter-output>
          </reporter-output>
        </test-method> <!-- sub -->
        <test-method status="PASS" signature="sum()[pri:0, instance:com.qa.test.DemoTest1@5e25a92e]" name="sum" duration-ms="0" started-at="2020-03-15T20:18:19Z" finished-at="2020-03-15T20:18:19Z">
          <reporter-output>
          </reporter-output>
        </test-method> <!-- sum -->
      </class> <!-- com.qa.test.DemoTest1 -->
      <class name="com.qa.test.DemoTest2">
        <test-method status="PASS" signature="div()[pri:0, instance:com.qa.test.DemoTest2@4df828d7]" name="div" duration-ms="0" started-at="2020-03-15T20:18:19Z" finished-at="2020-03-15T20:18:19Z">
          <reporter-output>
          </reporter-output>
        </test-method> <!-- div -->
        <test-method status="PASS" signature="mul()[pri:0, instance:com.qa.test.DemoTest2@4df828d7]" name="mul" duration-ms="1" started-at="2020-03-15T20:18:19Z" finished-at="2020-03-15T20:18:19Z">
          <reporter-output>
          </reporter-output>
        </test-method> <!-- mul -->
        <test-method status="PASS" signature="sub()[pri:0, instance:com.qa.test.DemoTest2@4df828d7]" name="sub" duration-ms="0" started-at="2020-03-15T20:18:19Z" finished-at="2020-03-15T20:18:19Z">
          <reporter-output>
          </reporter-output>
        </test-method> <!-- sub -->
        <test-method status="PASS" signature="sum()[pri:0, instance:com.qa.test.DemoTest2@4df828d7]" name="sum" duration-ms="1" started-at="2020-03-15T20:18:19Z" finished-at="2020-03-15T20:18:19Z">
          <reporter-output>
          </reporter-output>
        </test-method> <!-- sum -->
      </class> <!-- com.qa.test.DemoTest2 -->
    </test> <!-- Test Maven Testing -->
  </suite> <!-- Test Maven Suite -->
</testng-results>
